<?xml version="1.0" encoding="UTF-8"?>
<testsuite xmlns:xsi="http://www.w3.org/2001/XMLSchema-instance" xsi:noNamespaceSchemaLocation="https://maven.apache.org/surefire/maven-surefire-plugin/xsd/surefire-test-report.xsd" version="3.0.2" name="com.example.demo.repository.VehicleAvailabilityRepositoryTest" time="0.261" tests="10" errors="0" skipped="0" failures="0" flakes="0">
  <properties>
[...]
</properties>
  <testcase name="delete_shouldRemoveAvailability" classname="com.example.demo.repository.VehicleAvailabilityRepositoryTest" time="0.219"/>
  <testcase name="findByVehicle_VehicleID_shouldReturnAvailabilities" classname="com.example.demo.repository.VehicleAvailabilityRepositoryTest" time="0.008"/>
  <testcase name="findById_shouldReturnEmptyOptional" classname="com.example.demo.repository.VehicleAvailabilityRepositoryTest" time="0.003"/>
  <testcase name="findByVehicle_VehicleID_shouldReturnEmptyList" classname="com.example.demo.repository.VehicleAvailabilityRepositoryTest" time="0.003"/>
  <testcase name="findById_shouldReturnAvailability" classname="com.example.demo.repository.VehicleAvailabilityRepositoryTest" time="0.005"/>
  <testcase name="update_shouldModifyExistingAvailability" classname="com.example.demo.repository.VehicleAvailabilityRepositoryTest" time="0.004"/>
  <testcase name="existsById_shouldReturnTrue" classname="com.example.demo.repository.VehicleAvailabilityRepositoryTest" time="0.002"/>
  <testcase name="count_shouldReturnNumberOfAvailabilities" classname="com.example.demo.repository.VehicleAvailabilityRepositoryTest" time="0.004"/>
  <testcase name="existsById_shouldReturnFalse" classname="com.example.demo.repository.VehicleAvailabilityRepositoryTest" time="0.002"/>
  <testcase name="save_shouldPersistAvailability" classname="com.example.demo.repository.VehicleAvailabilityRepositoryTest" time="0.003"/>
</testsuite>