<?xml version="1.0" encoding="UTF-8"?>
<testsuite xmlns:xsi="http://www.w3.org/2001/XMLSchema-instance" xsi:noNamespaceSchemaLocation="https://maven.apache.org/surefire/maven-surefire-plugin/xsd/surefire-test-report.xsd" version="3.0.2" name="com.example.demo.EurekaServerDApplicationTests" time="31.059" tests="1" errors="0" skipped="0" failures="0" flakes="0">
  <properties>
[...]
</properties>
  <testcase name="contextLoads" classname="com.example.demo.EurekaServerDApplicationTests" time="5.396">
    <system-out><![CDATA[08:53:46.359 [main] INFO org.springframework.test.context.support.AnnotationConfigContextLoaderUtils -- Could not detect default configuration classes for test class [com.example.demo.EurekaServerDApplicationTests]: EurekaServerDApplicationTests does not declare any static, non-private, non-final, nested classes annotated with @Configuration.
08:53:47.120 [main] INFO org.springframework.boot.test.context.SpringBootTestContextBootstrapper -- Found @SpringBootConfiguration com.example.demo.EurekaServerDApplication for test class com.example.demo.EurekaServerDApplicationTests
08:53:47.746 [main] INFO org.springframework.test.context.support.AnnotationConfigContextLoaderUtils -- Could not detect default configuration classes for test class [com.example.demo.EurekaServerDApplicationTests]: EurekaServerDApplicationTests does not declare any static, non-private, non-final, nested classes annotated with @Configuration.
08:53:47.751 [main] INFO org.springframework.boot.test.context.SpringBootTestContextBootstrapper -- Found @SpringBootConfiguration com.example.demo.EurekaServerDApplication for test class com.example.demo.EurekaServerDApplicationTests

  .   ____          _            __ _ _
 /\\ / ___'_ __ _ _(_)_ __  __ _ \ \ \ \
( ( )\___ | '_ | '_| | '_ \/ _` | \ \ \ \
 \\/  ___)| |_)| | | | | || (_| |  ) ) ) )
  '  |____| .__|_| |_|_| |_\__, | / / / /
 =========|_|==============|___/=/_/_/_/

 :: Spring Boot ::                (v4.0.4)

2026-04-28T08:53:51.738+05:30  INFO 13232 --- [           main] c.e.demo.EurekaServerDApplicationTests   : Starting EurekaServerDApplicationTests using Java 21.0.5 with PID 13232 (started by 2472037 in C:\stsProjects\EurekaServerD)
2026-04-28T08:53:51.745+05:30  INFO 13232 --- [           main] c.e.demo.EurekaServerDApplicationTests   : No active profile set, falling back to 1 default profile: "default"
2026-04-28T08:53:57.541+05:30  INFO 13232 --- [           main] o.s.cloud.context.scope.GenericScope     : BeanFactory id=6d05806a-edde-31ea-9559-81e2706e0718
2026-04-28T08:53:59.538+05:30  INFO 13232 --- [           main] o.s.v.b.OptionalValidatorFactoryBean     : Failed to set up a Bean Validation provider: jakarta.validation.NoProviderFoundException: Unable to create a Configuration, because no Jakarta Validation provider could be found. Add a provider like Hibernate Validator (RI) to your classpath.
2026-04-28T08:54:05.903+05:30  WARN 13232 --- [           main] iguration$LoadBalancerCaffeineWarnLogger : Spring Cloud LoadBalancer is currently working with the default cache. While this cache implementation is useful for development and tests, it's recommended to use Caffeine cache in production.You can switch to using Caffeine cache, by adding it and org.springframework.cache.caffeine.CaffeineCacheManager to the classpath.
2026-04-28T08:54:07.293+05:30  INFO 13232 --- [           main] o.s.c.n.eureka.InstanceInfoFactory       : Setting initial instance status as: STARTING
2026-04-28T08:54:07.436+05:30  INFO 13232 --- [           main] com.netflix.discovery.DiscoveryClient    : Initializing Eureka in region us-east-1
2026-04-28T08:54:07.437+05:30  INFO 13232 --- [           main] com.netflix.discovery.DiscoveryClient    : Client configured to neither register nor query for data.
2026-04-28T08:54:07.452+05:30  INFO 13232 --- [           main] com.netflix.discovery.DiscoveryClient    : Discovery Client initialized at timestamp 1777346647440 with initial instances count: 0
2026-04-28T08:54:07.706+05:30  INFO 13232 --- [           main] c.n.eureka.DefaultEurekaServerContext    : Initializing ...
2026-04-28T08:54:07.712+05:30  INFO 13232 --- [           main] c.n.eureka.cluster.PeerEurekaNodes       : Adding new peer nodes [http://localhost:8761/eureka/]
2026-04-28T08:54:08.697+05:30  INFO 13232 --- [           main] c.n.d.provider.DiscoveryJerseyProvider   : Using JSON encoding codec LegacyJacksonJson
2026-04-28T08:54:08.698+05:30  INFO 13232 --- [           main] c.n.d.provider.DiscoveryJerseyProvider   : Using JSON decoding codec LegacyJacksonJson
2026-04-28T08:54:08.698+05:30  INFO 13232 --- [           main] c.n.d.provider.DiscoveryJerseyProvider   : Using XML encoding codec XStreamXml
2026-04-28T08:54:08.698+05:30  INFO 13232 --- [           main] c.n.d.provider.DiscoveryJerseyProvider   : Using XML decoding codec XStreamXml
2026-04-28T08:54:09.099+05:30  INFO 13232 --- [           main] c.n.eureka.cluster.PeerEurekaNodes       : Replica node URL:  http://localhost:8761/eureka/
2026-04-28T08:54:09.155+05:30  INFO 13232 --- [           main] c.n.e.registry.AbstractInstanceRegistry  : Finished initializing remote region registries. All known remote regions: []
2026-04-28T08:54:09.156+05:30  INFO 13232 --- [           main] c.n.eureka.DefaultEurekaServerContext    : Initialized
2026-04-28T08:54:09.477+05:30  INFO 13232 --- [           main] o.s.b.a.e.web.EndpointLinksResolver      : Exposing 1 endpoint beneath base path '/actuator'
2026-04-28T08:54:09.744+05:30  INFO 13232 --- [           main] o.s.c.n.e.s.EurekaServiceRegistry        : Registering application UNKNOWN with eureka with status UP
2026-04-28T08:54:09.795+05:30  INFO 13232 --- [           main] c.e.demo.EurekaServerDApplicationTests   : Started EurekaServerDApplicationTests in 20.847 seconds (process running for 28.242)
2026-04-28T08:54:09.888+05:30  INFO 13232 --- [      Thread-10] o.s.c.n.e.server.EurekaServerBootstrap   : isAws returned false
2026-04-28T08:54:09.890+05:30  INFO 13232 --- [      Thread-10] o.s.c.n.e.server.EurekaServerBootstrap   : Initialized server context
2026-04-28T08:54:09.891+05:30  INFO 13232 --- [      Thread-10] c.n.e.r.PeerAwareInstanceRegistryImpl    : Got 1 instances from neighboring DS node
2026-04-28T08:54:09.891+05:30  INFO 13232 --- [      Thread-10] c.n.e.r.PeerAwareInstanceRegistryImpl    : Renew threshold is: 1
2026-04-28T08:54:09.892+05:30  INFO 13232 --- [      Thread-10] c.n.e.r.PeerAwareInstanceRegistryImpl    : Changing status to UP
2026-04-28T08:54:09.923+05:30  INFO 13232 --- [      Thread-10] e.s.EurekaServerInitializerConfiguration : Started Eureka Server
]]></system-out>
    <system-err><![CDATA[Mockito is currently self-attaching to enable the inline-mock-maker. This will no longer work in future releases of the JDK. Please add Mockito as an agent to your build as described in Mockito's documentation: https://javadoc.io/doc/org.mockito/mockito-core/latest/org.mockito/org/mockito/Mockito.html#0.3
WARNING: A Java agent has been loaded dynamically (C:\Users\2472037\.m2\repository\net\bytebuddy\byte-buddy-agent\1.17.8\byte-buddy-agent-1.17.8.jar)
WARNING: If a serviceability tool is in use, please run with -XX:+EnableDynamicAgentLoading to hide this warning
WARNING: If a serviceability tool is not in use, please run with -Djdk.instrument.traceUsage for more information
WARNING: Dynamic loading of agents will be disallowed by default in a future release
]]></system-err>
  </testcase>
</testsuite>